TestApp1/app/build/intermediates/manifest_merge_blame_file/debug/manifest-merger-blame-debug-report.txt
1<?xml version="1.0" encoding="utf-8"?>
2<manifest xmlns:android="http://schemas.android.com/apk/res/android"
3    package="com.example.testapp1"
4    android:versionCode="1"
5    android:versionName="1.0" >
6
7    <uses-sdk
8        android:minSdkVersion="16"
8-->src\main\AndroidManifest.xml
9        android:targetSdkVersion="29" />
9-->src\main\AndroidManifest.xml
10
11    <uses-permission android:name="android.permission.INTERNET" />
11-->src\main\AndroidManifest.xml:5:5-67
11-->src\main\AndroidManifest.xml:5:22-64
12    <uses-permission android:name="android.permission.ACCESS_FINE_LOCATION" />
12-->src\main\AndroidManifest.xml:6:5-79
12-->src\main\AndroidManifest.xml:6:22-76
13
14    <uses-feature
14-->[com.naver.maps:map-sdk:3.8.0] AndroidManifest.xml:11:5-13:35
15        android:glEsVersion="0x00020000"
15-->[com.naver.maps:map-sdk:3.8.0] AndroidManifest.xml:12:9-41
16        android:required="true" />
16-->[com.naver.maps:map-sdk:3.8.0] AndroidManifest.xml:13:9-32
17    <uses-feature
17-->[com.naver.maps:map-sdk:3.8.0] AndroidManifest.xml:14:5-16:36
18        android:name="android.hardware.wifi"
18-->[com.naver.maps:map-sdk:3.8.0] AndroidManifest.xml:15:9-45
19        android:required="false" />
19-->[com.naver.maps:map-sdk:3.8.0] AndroidManifest.xml:16:9-33
20
21    <uses-permission android:name="android.permission.ACCESS_NETWORK_STATE" />
21-->[com.naver.maps:map-sdk:3.8.0] AndroidManifest.xml:19:5-79
21-->[com.naver.maps:map-sdk:3.8.0] AndroidManifest.xml:19:22-76
22    <uses-permission android:name="android.permission.ACCESS_WIFI_STATE" />
22-->[com.naver.maps:map-sdk:3.8.0] AndroidManifest.xml:20:5-76
22-->[com.naver.maps:map-sdk:3.8.0] AndroidManifest.xml:20:22-73
23
24    <application
24-->src\main\AndroidManifest.xml:8:5-32:19
25        android:allowBackup="true"
25-->src\main\AndroidManifest.xml:9:9-35
26        android:appComponentFactory="androidx.core.app.CoreComponentFactory"
26-->[androidx.core:core:1.1.0] AndroidManifest.xml:24:18-86
27        android:debuggable="true"
28        android:icon="@mipmap/ic_launcher"
28-->src\main\AndroidManifest.xml:10:9-43
29        android:label="@string/app_name"
29-->src\main\AndroidManifest.xml:11:9-41
30        android:roundIcon="@mipmap/ic_launcher_round"
30-->src\main\AndroidManifest.xml:12:9-54
31        android:supportsRtl="true"
31-->src\main\AndroidManifest.xml:13:9-35
32        android:testOnly="true"
33        android:theme="@style/AppTheme"
33-->src\main\AndroidManifest.xml:15:9-40
34        android:usesCleartextTraffic="true" >
34-->src\main\AndroidManifest.xml:14:9-44
35        <meta-data
35-->src\main\AndroidManifest.xml:18:9-20:42
36            android:name="com.naver.maps.map.CLIENT_ID"
36-->src\main\AndroidManifest.xml:19:13-56
37            android:value="bv2cn2n8ui" />
37-->src\main\AndroidManifest.xml:20:13-39
38
39        <activity android:name="com.example.testapp1.MainActivity" >
39-->src\main\AndroidManifest.xml:22:9-28:20
39-->src\main\AndroidManifest.xml:22:19-47
40            <intent-filter>
40-->src\main\AndroidManifest.xml:23:13-27:29
41                <action android:name="android.intent.action.MAIN" />
41-->src\main\AndroidManifest.xml:24:17-69
41-->src\main\AndroidManifest.xml:24:25-66
42
43                <category android:name="android.intent.category.LAUNCHER" />
43-->src\main\AndroidManifest.xml:26:17-77
43-->src\main\AndroidManifest.xml:26:27-74
44            </intent-filter>
45        </activity>
46        <activity android:name="com.example.testapp1.ActivityMap" />
46-->src\main\AndroidManifest.xml:30:9-48
46-->src\main\AndroidManifest.xml:30:19-46
47        <activity android:name="com.example.testapp1.ActivitySearch" />
47-->src\main\AndroidManifest.xml:31:9-51
47-->src\main\AndroidManifest.xml:31:19-49
48        <activity
48-->[com.naver.maps:map-sdk:3.8.0] AndroidManifest.xml:23:9-27:51
49            android:name="com.naver.maps.map.app.LegendActivity"
49-->[com.naver.maps:map-sdk:3.8.0] AndroidManifest.xml:24:13-65
50            android:configChanges="screenSize|smallestScreenSize|screenLayout|orientation"
50-->[com.naver.maps:map-sdk:3.8.0] AndroidManifest.xml:25:13-91
51            android:label="@string/navermap_legend"
51-->[com.naver.maps:map-sdk:3.8.0] AndroidManifest.xml:26:13-52
52            android:theme="@style/navermap_app" />
52-->[com.naver.maps:map-sdk:3.8.0] AndroidManifest.xml:27:13-48
53        <activity
53-->[com.naver.maps:map-sdk:3.8.0] AndroidManifest.xml:28:9-32:51
54            android:name="com.naver.maps.map.app.LegalNoticeActivity"
54-->[com.naver.maps:map-sdk:3.8.0] AndroidManifest.xml:29:13-70
55            android:configChanges="screenSize|smallestScreenSize|screenLayout|orientation"
55-->[com.naver.maps:map-sdk:3.8.0] AndroidManifest.xml:30:13-91
56            android:label="@string/navermap_legal_notice"
56-->[com.naver.maps:map-sdk:3.8.0] AndroidManifest.xml:31:13-58
57            android:theme="@style/navermap_app" />
57-->[com.naver.maps:map-sdk:3.8.0] AndroidManifest.xml:32:13-48
58        <activity
58-->[com.naver.maps:map-sdk:3.8.0] AndroidManifest.xml:33:9-37:51
59            android:name="com.naver.maps.map.app.OpenSourceLicenseActivity"
59-->[com.naver.maps:map-sdk:3.8.0] AndroidManifest.xml:34:13-76
60            android:configChanges="screenSize|smallestScreenSize|screenLayout|orientation"
60-->[com.naver.maps:map-sdk:3.8.0] AndroidManifest.xml:35:13-91
61            android:label="@string/navermap_open_source_license"
61-->[com.naver.maps:map-sdk:3.8.0] AndroidManifest.xml:36:13-65
62            android:theme="@style/navermap_app" />
62-->[com.naver.maps:map-sdk:3.8.0] AndroidManifest.xml:37:13-48
63        <activity
63-->[com.google.android.gms:play-services-base:16.0.1] AndroidManifest.xml:23:9-26:75
64            android:name="com.google.android.gms.common.api.GoogleApiActivity"
64-->[com.google.android.gms:play-services-base:16.0.1] AndroidManifest.xml:24:13-79
65            android:exported="false"
65-->[com.google.android.gms:play-services-base:16.0.1] AndroidManifest.xml:25:13-37
66            android:theme="@android:style/Theme.Translucent.NoTitleBar" />
66-->[com.google.android.gms:play-services-base:16.0.1] AndroidManifest.xml:26:13-72
67
68        <meta-data
68-->[com.google.android.gms:play-services-basement:16.0.1] AndroidManifest.xml:23:9-25:69
69            android:name="com.google.android.gms.version"
69-->[com.google.android.gms:play-services-basement:16.0.1] AndroidManifest.xml:24:13-58
70            android:value="@integer/google_play_services_version" />
70-->[com.google.android.gms:play-services-basement:16.0.1] AndroidManifest.xml:25:13-66
71    </application>
72
73</manifest>